Using pre-set license
Built from '2020.3/staging' branch; Version is '2020.3.24f1 (79c78de19888) revision 7980941'; Using compiler version '192528614'; Build Type 'Release'
OS: 'Windows 10  (10.0.19042) 64bit Professional' Language: 'ko' Physical Memory: 16333 MB
BatchMode: 1, IsHumanControllingUs: 0, StartBugReporterOnCrash: 0, Is64bit: 1, IsPro: 0

COMMAND LINE ARGUMENTS:
C:\Program Files\Unity\Hub\Editor\2020.3.24f1\Editor\Unity.exe
-adb2
-batchMode
-noUpm
-name
AssetImportWorker0
-projectPath
C:/Users/21qqq/Desktop/KioskMVP
-logFile
Logs/AssetImportWorker0.log
-srvPort
61397
Successfully changed project path to: C:/Users/21qqq/Desktop/KioskMVP
C:/Users/21qqq/Desktop/KioskMVP
Using Asset Import Pipeline V2.
Refreshing native plugins compatible for Editor in 50.62 ms, found 3 plugins.
Preloading 0 native plugins for Editor in 0.00 ms.
Initialize engine version: 2020.3.24f1 (79c78de19888)
[Subsystems] Discovering subsystems at path C:/Program Files/Unity/Hub/Editor/2020.3.24f1/Editor/Data/Resources/UnitySubsystems
[Subsystems] Discovering subsystems at path C:/Users/21qqq/Desktop/KioskMVP/Assets
GfxDevice: creating device client; threaded=0
Direct3D:
    Version:  Direct3D 11.0 [level 11.1]
    Renderer: NVIDIA GeForce RTX 2070 SUPER (ID=0x1e84)
    Vendor:   
    VRAM:     8011 MB
    Driver:   30.0.14.9709
Initialize mono
Mono path[0] = 'C:/Program Files/Unity/Hub/Editor/2020.3.24f1/Editor/Data/Managed'
Mono path[1] = 'C:/Program Files/Unity/Hub/Editor/2020.3.24f1/Editor/Data/MonoBleedingEdge/lib/mono/unityjit'
Mono config path = 'C:/Program Files/Unity/Hub/Editor/2020.3.24f1/Editor/Data/MonoBleedingEdge/etc'
Using monoOptions --debugger-agent=transport=dt_socket,embedding=1,server=y,suspend=n,address=127.0.0.1:56988
Begin MonoManager ReloadAssembly
Registering precompiled unity dll's ...
Register platform support module: C:/Program Files/Unity/Hub/Editor/2020.3.24f1/Editor/Data/PlaybackEngines/WindowsStandaloneSupport/UnityEditor.WindowsStandalone.Extensions.dll
Registered in 0.001892 seconds.
Native extension for WindowsStandalone target not found
Refreshing native plugins compatible for Editor in 47.35 ms, found 3 plugins.
Preloading 0 native plugins for Editor in 0.00 ms.
Mono: successfully reloaded assembly
- Completed reload, in  0.523 seconds
Domain Reload Profiling:
	ReloadAssembly (523ms)
		BeginReloadAssembly (46ms)
			ExecutionOrderSort (0ms)
			DisableScriptedObjects (0ms)
			BackupInstance (0ms)
			ReleaseScriptingObjects (0ms)
			CreateAndSetChildDomain (1ms)
		EndReloadAssembly (406ms)
			LoadAssemblies (44ms)
			RebuildTransferFunctionScriptingTraits (0ms)
			SetupTypeCache (134ms)
			ReleaseScriptCaches (0ms)
			RebuildScriptCaches (27ms)
			SetupLoadedEditorAssemblies (158ms)
				LogAssemblyErrors (0ms)
				InitializePlatformSupportModulesInManaged (4ms)
				SetLoadedEditorAssemblies (1ms)
				RefreshPlugins (47ms)
				BeforeProcessingInitializeOnLoad (7ms)
				ProcessInitializeOnLoadAttributes (69ms)
				ProcessInitializeOnLoadMethodAttributes (29ms)
				AfterProcessingInitializeOnLoad (0ms)
				EditorAssembliesLoaded (0ms)
			ExecutionOrderSort2 (0ms)
			AwakeInstancesAfterBackupRestoration (0ms)
Platform modules already initialized, skipping
Registering precompiled user dll's ...
Registered in 0.003904 seconds.
Begin MonoManager ReloadAssembly
Native extension for WindowsStandalone target not found
Refreshing native plugins compatible for Editor in 46.48 ms, found 3 plugins.
Preloading 0 native plugins for Editor in 0.00 ms.
Mono: successfully reloaded assembly
- Completed reload, in  0.959 seconds
Domain Reload Profiling:
	ReloadAssembly (960ms)
		BeginReloadAssembly (121ms)
			ExecutionOrderSort (0ms)
			DisableScriptedObjects (4ms)
			BackupInstance (0ms)
			ReleaseScriptingObjects (0ms)
			CreateAndSetChildDomain (16ms)
		EndReloadAssembly (784ms)
			LoadAssemblies (78ms)
			RebuildTransferFunctionScriptingTraits (0ms)
			SetupTypeCache (261ms)
			ReleaseScriptCaches (1ms)
			RebuildScriptCaches (47ms)
			SetupLoadedEditorAssemblies (295ms)
				LogAssemblyErrors (0ms)
				InitializePlatformSupportModulesInManaged (3ms)
				SetLoadedEditorAssemblies (0ms)
				RefreshPlugins (47ms)
				BeforeProcessingInitializeOnLoad (62ms)
				ProcessInitializeOnLoadAttributes (164ms)
				ProcessInitializeOnLoadMethodAttributes (13ms)
				AfterProcessingInitializeOnLoad (5ms)
				EditorAssembliesLoaded (0ms)
			ExecutionOrderSort2 (0ms)
			AwakeInstancesAfterBackupRestoration (5ms)
Platform modules already initialized, skipping
========================================================================
Worker process is ready to serve import requests
Launched and connected shader compiler UnityShaderCompiler.exe after 0.05 seconds
Refreshing native plugins compatible for Editor in 0.60 ms, found 3 plugins.
Preloading 0 native plugins for Editor in 0.00 ms.
Unloading 2470 Unused Serialized files (Serialized files now loaded: 0)
System memory in use before: 104.2 MB.
System memory in use after: 104.4 MB.

Unloading 41 unused Assets to reduce memory usage. Loaded Objects now: 2892.
Total: 3.002800 ms (FindLiveObjects: 0.246200 ms CreateObjectMapping: 0.069800 ms MarkObjects: 2.629200 ms  DeleteObjects: 0.056600 ms)

AssetImportParameters requested are different than current active one (requested -> active):
  custom:framework-win-MediaFoundation: 216162199b28c13a410421893ffa2e32 -> 
  custom:video-decoder-ogg-theora: a1e56fd34408186e4bbccfd4996cb3dc -> 
  custom:container-muxer-webm: aa71ff27fc2769a1b78a27578f13a17b -> 
  custom:container-demuxer-webm: 4f35f7cbe854078d1ac9338744f61a02 -> 
  custom:container-demuxer-ogg: 62fdf1f143b41e24485cea50d1cbac27 -> 
  custom:video-encoder-webm-vp8: eb34c28f22e8b96e1ab97ce403110664 -> 
  custom:video-decoder-webm-vp8: 9c59270c3fd7afecdb556c50c9e8de78 -> 
  custom:audio-decoder-ogg-vorbis: bf7c407c2cedff20999df2af8eb42d56 -> 
  custom:audio-encoder-webm-vorbis: bf7c407c2cedff20999df2af8eb42d56 -> 
========================================================================
Received Import Request.
  path: Assets/Images/아이스청포도에이드2 1.png
  artifactKey: Guid(0796301151f9dad4b9971b63b9be043a) Importer(815301076,1909f56bfc062723c751e8b465ee728b)
Start importing Assets/Images/아이스청포도에이드2 1.png using Guid(0796301151f9dad4b9971b63b9be043a) Importer(815301076,1909f56bfc062723c751e8b465ee728b)  -> (artifact id: '42b9205a3073e354cae6d88074ce5c2c') in 0.082681 seconds 
  Import took 0.086312 seconds .

========================================================================
Received Import Request.
  Time since last request: 0.000358 seconds.
  path: Assets/Images/핫 카페모카2 1.png
  artifactKey: Guid(dd91d03d4a585c747a6580a6cbfcbb13) Importer(815301076,1909f56bfc062723c751e8b465ee728b)
Start importing Assets/Images/핫 카페모카2 1.png using Guid(dd91d03d4a585c747a6580a6cbfcbb13) Importer(815301076,1909f56bfc062723c751e8b465ee728b)  -> (artifact id: '67cea2c185335313f9e365ef2f5b35fc') in 0.015100 seconds 
  Import took 0.018651 seconds .

========================================================================
Received Import Request.
  Time since last request: 0.000193 seconds.
  path: Assets/Images/핫초코2.png
  artifactKey: Guid(228dcfe9e113feb48b38046b9fa6bf1f) Importer(815301076,1909f56bfc062723c751e8b465ee728b)
Start importing Assets/Images/핫초코2.png using Guid(228dcfe9e113feb48b38046b9fa6bf1f) Importer(815301076,1909f56bfc062723c751e8b465ee728b)  -> (artifact id: '2ce29d90cf0054b7bfd1eb40d23168b4') in 0.016371 seconds 
  Import took 0.019906 seconds .

========================================================================
Received Import Request.
  Time since last request: 0.000222 seconds.
  path: Assets/Images/아이스자몽에이드2.png
  artifactKey: Guid(f30a7a11cf1351441a9799358c3b32e0) Importer(815301076,1909f56bfc062723c751e8b465ee728b)
Start importing Assets/Images/아이스자몽에이드2.png using Guid(f30a7a11cf1351441a9799358c3b32e0) Importer(815301076,1909f56bfc062723c751e8b465ee728b)  -> (artifact id: '49b3935e86e5f91a28a7c6912f3fdb89') in 0.012557 seconds 
  Import took 0.015854 seconds .

========================================================================
Received Import Request.
  Time since last request: 0.000161 seconds.
  path: Assets/Images/핫 카페라테 1.png
  artifactKey: Guid(964dc245077c1dc48ad5177c7b0fc41f) Importer(815301076,1909f56bfc062723c751e8b465ee728b)
Start importing Assets/Images/핫 카페라테 1.png using Guid(964dc245077c1dc48ad5177c7b0fc41f) Importer(815301076,1909f56bfc062723c751e8b465ee728b)  -> (artifact id: 'dd30760bca8497761c2ce53ec28aeeaa') in 0.015787 seconds 
  Import took 0.019157 seconds .

========================================================================
Received Import Request.
  Time since last request: 0.000183 seconds.
  path: Assets/Images/핫 카페라테2 1.png
  artifactKey: Guid(85563f8eecbc6254a9da5dc56cb1e07a) Importer(815301076,1909f56bfc062723c751e8b465ee728b)
Start importing Assets/Images/핫 카페라테2 1.png using Guid(85563f8eecbc6254a9da5dc56cb1e07a) Importer(815301076,1909f56bfc062723c751e8b465ee728b)  -> (artifact id: 'ae72ed41351640dacf4285623c611d22') in 0.012870 seconds 
  Import took 0.016155 seconds .

========================================================================
Received Import Request.
  Time since last request: 0.000200 seconds.
  path: Assets/Images/핫아메리카노2 1.png
  artifactKey: Guid(fa28730c6eb6c574095732b95ea581b0) Importer(815301076,1909f56bfc062723c751e8b465ee728b)
Start importing Assets/Images/핫아메리카노2 1.png using Guid(fa28730c6eb6c574095732b95ea581b0) Importer(815301076,1909f56bfc062723c751e8b465ee728b)  -> (artifact id: 'cc5a63627234a6a2184b6c0b2f571882') in 0.013473 seconds 
  Import took 0.016718 seconds .

========================================================================
Received Import Request.
  Time since last request: 0.000196 seconds.
  path: Assets/Images/아이스카페라테 1.png
  artifactKey: Guid(80544237876c8904ea2f379ef01887ec) Importer(815301076,1909f56bfc062723c751e8b465ee728b)
Start importing Assets/Images/아이스카페라테 1.png using Guid(80544237876c8904ea2f379ef01887ec) Importer(815301076,1909f56bfc062723c751e8b465ee728b)  -> (artifact id: '0300a6519cf1ec9b83c7274ecb1162c3') in 0.014155 seconds 
  Import took 0.017667 seconds .

========================================================================
Received Import Request.
  Time since last request: 0.000156 seconds.
  path: Assets/Images/핫아메리카노2.png
  artifactKey: Guid(c8a56a126e9919c4ab85c36d54c0e684) Importer(815301076,1909f56bfc062723c751e8b465ee728b)
Start importing Assets/Images/핫아메리카노2.png using Guid(c8a56a126e9919c4ab85c36d54c0e684) Importer(815301076,1909f56bfc062723c751e8b465ee728b)  -> (artifact id: '5fc6e708f7da82f8b41250dd8f3f960f') in 0.012351 seconds 
  Import took 0.015768 seconds .

========================================================================
Received Import Request.
  Time since last request: 0.000154 seconds.
  path: Assets/Images/핫 카페라테2.png
  artifactKey: Guid(eb860ca9369ffbc4b87abeee84fae6e1) Importer(815301076,1909f56bfc062723c751e8b465ee728b)
Start importing Assets/Images/핫 카페라테2.png using Guid(eb860ca9369ffbc4b87abeee84fae6e1) Importer(815301076,1909f56bfc062723c751e8b465ee728b)  -> (artifact id: '75660b6930e7af45dbdbdc123577418d') in 0.012016 seconds 
  Import took 0.015074 seconds .

========================================================================
Received Import Request.
  Time since last request: 0.000213 seconds.
  path: Assets/Images/핫 카페모카.png
  artifactKey: Guid(ac25e1ad9b82cb548ae9ab8a4fcbbfbc) Importer(815301076,1909f56bfc062723c751e8b465ee728b)
Start importing Assets/Images/핫 카페모카.png using Guid(ac25e1ad9b82cb548ae9ab8a4fcbbfbc) Importer(815301076,1909f56bfc062723c751e8b465ee728b)  -> (artifact id: '4c4cfcbac7c065fcc116ace47bbfa684') in 0.012917 seconds 
  Import took 0.016926 seconds .

========================================================================
Received Import Request.
  Time since last request: 0.000160 seconds.
  path: Assets/Images/핫초코2 1.png
  artifactKey: Guid(792ceda73ef388941a9112f8380e35a6) Importer(815301076,1909f56bfc062723c751e8b465ee728b)
Start importing Assets/Images/핫초코2 1.png using Guid(792ceda73ef388941a9112f8380e35a6) Importer(815301076,1909f56bfc062723c751e8b465ee728b)  -> (artifact id: '69233c1105f227203dbba61a13f08098') in 0.013671 seconds 
  Import took 0.017675 seconds .

========================================================================
Received Import Request.
  Time since last request: 0.000204 seconds.
  path: Assets/Images/핫아메리카노.png
  artifactKey: Guid(1796e38abbf88c24e81a403ce279cb55) Importer(815301076,1909f56bfc062723c751e8b465ee728b)
Start importing Assets/Images/핫아메리카노.png using Guid(1796e38abbf88c24e81a403ce279cb55) Importer(815301076,1909f56bfc062723c751e8b465ee728b)  -> (artifact id: 'a5004064bd72c50f340e0753af4167b4') in 0.012454 seconds 
  Import took 0.016467 seconds .

========================================================================
Received Import Request.
  Time since last request: 0.000164 seconds.
  path: Assets/Images/아이스카페라테2.png
  artifactKey: Guid(f4ca38c02f02cd44aa00d23719e09bb5) Importer(815301076,1909f56bfc062723c751e8b465ee728b)
Start importing Assets/Images/아이스카페라테2.png using Guid(f4ca38c02f02cd44aa00d23719e09bb5) Importer(815301076,1909f56bfc062723c751e8b465ee728b)  -> (artifact id: 'dfa3be59e957454ace69dfc8e3869a07') in 0.013723 seconds 
  Import took 0.016979 seconds .

========================================================================
Received Import Request.
  Time since last request: 0.000194 seconds.
  path: Assets/Images/핫아메리카노 1.png
  artifactKey: Guid(040bcdaddaf047b4f9a96ea96737bc0f) Importer(815301076,1909f56bfc062723c751e8b465ee728b)
Start importing Assets/Images/핫아메리카노 1.png using Guid(040bcdaddaf047b4f9a96ea96737bc0f) Importer(815301076,1909f56bfc062723c751e8b465ee728b)  -> (artifact id: 'f251c6ca44bc72a11ab9e89c44fed2db') in 0.012219 seconds 
  Import took 0.015637 seconds .

========================================================================
Received Import Request.
  Time since last request: 0.000187 seconds.
  path: Assets/Images/핫초코.png
  artifactKey: Guid(c4db503cfe228fc409d6844397a29c5e) Importer(815301076,1909f56bfc062723c751e8b465ee728b)
Start importing Assets/Images/핫초코.png using Guid(c4db503cfe228fc409d6844397a29c5e) Importer(815301076,1909f56bfc062723c751e8b465ee728b)  -> (artifact id: '9619557ed11ea33f5cfa2f1a33729e5c') in 0.014642 seconds 
  Import took 0.018641 seconds .

========================================================================
Received Import Request.
  Time since last request: 0.000196 seconds.
  path: Assets/Images/아이스아메리카노2.png
  artifactKey: Guid(04118aa015fa47a4da976a81204ff09f) Importer(815301076,1909f56bfc062723c751e8b465ee728b)
Start importing Assets/Images/아이스아메리카노2.png using Guid(04118aa015fa47a4da976a81204ff09f) Importer(815301076,1909f56bfc062723c751e8b465ee728b)  -> (artifact id: '197d7e1a8dde6089b215863e4ff45153') in 0.014964 seconds 
  Import took 0.018377 seconds .

========================================================================
Received Import Request.
  Time since last request: 0.000166 seconds.
  path: Assets/Images/핫 카페라테.png
  artifactKey: Guid(dd6ef63e058e8c740806872ed9820a09) Importer(815301076,1909f56bfc062723c751e8b465ee728b)
Start importing Assets/Images/핫 카페라테.png using Guid(dd6ef63e058e8c740806872ed9820a09) Importer(815301076,1909f56bfc062723c751e8b465ee728b)  -> (artifact id: '46990f3521bb011995dbe2c83bb51b88') in 0.010776 seconds 
  Import took 0.014199 seconds .

========================================================================
Received Import Request.
  Time since last request: 0.000147 seconds.
  path: Assets/Images/아이스카페모카2.png
  artifactKey: Guid(431ce4904733a864cae2af8e29e49b79) Importer(815301076,1909f56bfc062723c751e8b465ee728b)
Start importing Assets/Images/아이스카페모카2.png using Guid(431ce4904733a864cae2af8e29e49b79) Importer(815301076,1909f56bfc062723c751e8b465ee728b)  -> (artifact id: '821636c1ec1ae11bc8966ad9c9ba33e7') in 0.012826 seconds 
  Import took 0.016279 seconds .

========================================================================
Received Import Request.
  Time since last request: 0.000199 seconds.
  path: Assets/Images/아이스카페라테.png
  artifactKey: Guid(694dff80374ee064f9a897c28bb66db0) Importer(815301076,1909f56bfc062723c751e8b465ee728b)
Start importing Assets/Images/아이스카페라테.png using Guid(694dff80374ee064f9a897c28bb66db0) Importer(815301076,1909f56bfc062723c751e8b465ee728b)  -> (artifact id: '529f91502c70baacbfe740ce41d2517b') in 0.012829 seconds 
  Import took 0.016627 seconds .

========================================================================
Received Import Request.
  Time since last request: 0.000200 seconds.
  path: Assets/Images/아이스카페모카 1.png
  artifactKey: Guid(9642b3d7be291394bb15add3c50bedbb) Importer(815301076,1909f56bfc062723c751e8b465ee728b)
Start importing Assets/Images/아이스카페모카 1.png using Guid(9642b3d7be291394bb15add3c50bedbb) Importer(815301076,1909f56bfc062723c751e8b465ee728b)  -> (artifact id: '723d1e6369ebda9a59fc9f31cd02ec02') in 0.012980 seconds 
  Import took 0.016807 seconds .

========================================================================
Received Import Request.
  Time since last request: 0.000175 seconds.
  path: Assets/Images/핫 카페모카2.png
  artifactKey: Guid(4061906df12ebdc4eb3735ce1cfdb196) Importer(815301076,1909f56bfc062723c751e8b465ee728b)
Start importing Assets/Images/핫 카페모카2.png using Guid(4061906df12ebdc4eb3735ce1cfdb196) Importer(815301076,1909f56bfc062723c751e8b465ee728b)  -> (artifact id: '30ad6732c6aae8d7c138626f64168895') in 0.014985 seconds 
  Import took 0.018494 seconds .

========================================================================
Received Import Request.
  Time since last request: 0.000189 seconds.
  path: Assets/Images/아이스아메리카노 1.png
  artifactKey: Guid(a6af02358cc2bb14298fd8d34932b612) Importer(815301076,1909f56bfc062723c751e8b465ee728b)
Start importing Assets/Images/아이스아메리카노 1.png using Guid(a6af02358cc2bb14298fd8d34932b612) Importer(815301076,1909f56bfc062723c751e8b465ee728b)  -> (artifact id: 'abfab0c4235161763d6f0b30e824e1af') in 0.013610 seconds 
  Import took 0.017055 seconds .

========================================================================
Received Import Request.
  Time since last request: 0.000229 seconds.
  path: Assets/Images/핫 카푸치노 1.png
  artifactKey: Guid(438d2485f2ae1004fa3ab577aa8b6413) Importer(815301076,1909f56bfc062723c751e8b465ee728b)
Start importing Assets/Images/핫 카푸치노 1.png using Guid(438d2485f2ae1004fa3ab577aa8b6413) Importer(815301076,1909f56bfc062723c751e8b465ee728b)  -> (artifact id: '20fe062f6a7e4033281c2b5bd05992cd') in 0.012729 seconds 
  Import took 0.016169 seconds .

========================================================================
Received Import Request.
  Time since last request: 0.000168 seconds.
  path: Assets/Images/아이스아메리카노.png
  artifactKey: Guid(b8ce14719797bd946a74adda2f9ef47f) Importer(815301076,1909f56bfc062723c751e8b465ee728b)
Start importing Assets/Images/아이스아메리카노.png using Guid(b8ce14719797bd946a74adda2f9ef47f) Importer(815301076,1909f56bfc062723c751e8b465ee728b)  -> (artifact id: 'cfb6b31379aa2e23f98053b042e6c49b') in 0.012718 seconds 
  Import took 0.016446 seconds .

========================================================================
Received Import Request.
  Time since last request: 0.000135 seconds.
  path: Assets/Images/핫 카푸치노 3.png
  artifactKey: Guid(662de67f8fbcebc409849f2b2a59d173) Importer(815301076,1909f56bfc062723c751e8b465ee728b)
Start importing Assets/Images/핫 카푸치노 3.png using Guid(662de67f8fbcebc409849f2b2a59d173) Importer(815301076,1909f56bfc062723c751e8b465ee728b)  -> (artifact id: '56859fa1983a56a00b6519d6b9c6a05d') in 0.011874 seconds 
  Import took 0.015597 seconds .

========================================================================
Received Import Request.
  Time since last request: 0.000217 seconds.
  path: Assets/Images/아이스카페모카.png
  artifactKey: Guid(f50514c5727627b44a14da219e80cea5) Importer(815301076,1909f56bfc062723c751e8b465ee728b)
Start importing Assets/Images/아이스카페모카.png using Guid(f50514c5727627b44a14da219e80cea5) Importer(815301076,1909f56bfc062723c751e8b465ee728b)  -> (artifact id: 'dfd6426fc5730913de25b975227423f8') in 0.012786 seconds 
  Import took 0.016392 seconds .

========================================================================
Received Import Request.
  Time since last request: 0.000155 seconds.
  path: Assets/Images/아이스카페모카2 1.png
  artifactKey: Guid(f5de4d65d5f4efb4abeeca9a577fec55) Importer(815301076,1909f56bfc062723c751e8b465ee728b)
Start importing Assets/Images/아이스카페모카2 1.png using Guid(f5de4d65d5f4efb4abeeca9a577fec55) Importer(815301076,1909f56bfc062723c751e8b465ee728b)  -> (artifact id: 'f1874e0bdb4a26366e66b214a0d9a623') in 0.014273 seconds 
  Import took 0.017449 seconds .

========================================================================
Received Import Request.
  Time since last request: 0.000196 seconds.
  path: Assets/Images/핫초코 1.png
  artifactKey: Guid(9dd731f32496cb744accbaad00fb4c16) Importer(815301076,1909f56bfc062723c751e8b465ee728b)
Start importing Assets/Images/핫초코 1.png using Guid(9dd731f32496cb744accbaad00fb4c16) Importer(815301076,1909f56bfc062723c751e8b465ee728b)  -> (artifact id: 'e9e575cbc454248277fa9dab9af6f1de') in 0.014683 seconds 
  Import took 0.018541 seconds .

========================================================================
Received Import Request.
  Time since last request: 0.000144 seconds.
  path: Assets/Images/아이스자몽에이드 1.png
  artifactKey: Guid(932c9ee61a2977642bb3fadb1f5515e0) Importer(815301076,1909f56bfc062723c751e8b465ee728b)
Start importing Assets/Images/아이스자몽에이드 1.png using Guid(932c9ee61a2977642bb3fadb1f5515e0) Importer(815301076,1909f56bfc062723c751e8b465ee728b)  -> (artifact id: 'c60ac06746ee1a37209fab840385d998') in 0.011988 seconds 
  Import took 0.014934 seconds .

========================================================================
Received Import Request.
  Time since last request: 0.000142 seconds.
  path: Assets/Images/핫 카푸치노.png
  artifactKey: Guid(34c154cbe22295d46b6092dbb79a8314) Importer(815301076,1909f56bfc062723c751e8b465ee728b)
Start importing Assets/Images/핫 카푸치노.png using Guid(34c154cbe22295d46b6092dbb79a8314) Importer(815301076,1909f56bfc062723c751e8b465ee728b)  -> (artifact id: '3681b13d1281389048766669c8ed8a67') in 0.011240 seconds 
  Import took 0.015153 seconds .

========================================================================
Received Import Request.
  Time since last request: 0.000155 seconds.
  path: Assets/Images/핫 카페모카 1.png
  artifactKey: Guid(b3d81847461a39c45b255be027b68dff) Importer(815301076,1909f56bfc062723c751e8b465ee728b)
Start importing Assets/Images/핫 카페모카 1.png using Guid(b3d81847461a39c45b255be027b68dff) Importer(815301076,1909f56bfc062723c751e8b465ee728b)  -> (artifact id: '82953c76fc519473b7e335f26fdd96f1') in 0.014176 seconds 
  Import took 0.017516 seconds .

========================================================================
Received Import Request.
  Time since last request: 0.000182 seconds.
  path: Assets/Images/아이스자몽에이드.png
  artifactKey: Guid(9b04d110c71853b4ba8290b38e077c84) Importer(815301076,1909f56bfc062723c751e8b465ee728b)
Start importing Assets/Images/아이스자몽에이드.png using Guid(9b04d110c71853b4ba8290b38e077c84) Importer(815301076,1909f56bfc062723c751e8b465ee728b)  -> (artifact id: '482c2c651a2e8790bf0feb02f679edb7') in 0.012072 seconds 
  Import took 0.015639 seconds .

========================================================================
Received Import Request.
  Time since last request: 0.000179 seconds.
  path: Assets/Images/아이스자몽에이드2 1.png
  artifactKey: Guid(cf5449d53c62f6140a48046e960bea40) Importer(815301076,1909f56bfc062723c751e8b465ee728b)
Start importing Assets/Images/아이스자몽에이드2 1.png using Guid(cf5449d53c62f6140a48046e960bea40) Importer(815301076,1909f56bfc062723c751e8b465ee728b)  -> (artifact id: '5da80df3a9640c28c098f3a145a6cb0d') in 0.012240 seconds 
  Import took 0.015446 seconds .

========================================================================
Received Import Request.
  Time since last request: 0.000175 seconds.
  path: Assets/Images/아이스청포도에이드 1.png
  artifactKey: Guid(c5495aeedf09ec74ba89f8f0dbbef637) Importer(815301076,1909f56bfc062723c751e8b465ee728b)
Start importing Assets/Images/아이스청포도에이드 1.png using Guid(c5495aeedf09ec74ba89f8f0dbbef637) Importer(815301076,1909f56bfc062723c751e8b465ee728b)  -> (artifact id: '1f4dad491358f7d80f458bf20f06f7ca') in 0.012478 seconds 
  Import took 0.015959 seconds .

========================================================================
Received Import Request.
  Time since last request: 0.000177 seconds.
  path: Assets/Images/아이스청포도에이드2.png
  artifactKey: Guid(9e493fb1e9a0a3b47ba8c14dc281ea5c) Importer(815301076,1909f56bfc062723c751e8b465ee728b)
Start importing Assets/Images/아이스청포도에이드2.png using Guid(9e493fb1e9a0a3b47ba8c14dc281ea5c) Importer(815301076,1909f56bfc062723c751e8b465ee728b)  -> (artifact id: '7561d7a102bfa058a51fecc8a62ad93f') in 0.013144 seconds 
  Import took 0.016195 seconds .

========================================================================
Received Import Request.
  Time since last request: 0.000213 seconds.
  path: Assets/Images/아이스카페라테2 1.png
  artifactKey: Guid(dbddb234bf8e9eb42adbb52ccf80d876) Importer(815301076,1909f56bfc062723c751e8b465ee728b)
Start importing Assets/Images/아이스카페라테2 1.png using Guid(dbddb234bf8e9eb42adbb52ccf80d876) Importer(815301076,1909f56bfc062723c751e8b465ee728b)  -> (artifact id: '17a978b61f61b007a27702ad33c9e5c5') in 0.014169 seconds 
  Import took 0.017598 seconds .

========================================================================
Received Import Request.
  Time since last request: 0.000189 seconds.
  path: Assets/Images/아이스아메리카노2 1.png
  artifactKey: Guid(86d4382545cbac24dbe8f55cf7ea3c47) Importer(815301076,1909f56bfc062723c751e8b465ee728b)
Start importing Assets/Images/아이스아메리카노2 1.png using Guid(86d4382545cbac24dbe8f55cf7ea3c47) Importer(815301076,1909f56bfc062723c751e8b465ee728b)  -> (artifact id: '8581d3c8a21cca4d0ed7b1a821297475') in 0.012224 seconds 
  Import took 0.015430 seconds .

========================================================================
Received Import Request.
  Time since last request: 0.000171 seconds.
  path: Assets/Images/아이스청포도에이드.png
  artifactKey: Guid(0bd238a35a7b09e49a6b401893337362) Importer(815301076,1909f56bfc062723c751e8b465ee728b)
Start importing Assets/Images/아이스청포도에이드.png using Guid(0bd238a35a7b09e49a6b401893337362) Importer(815301076,1909f56bfc062723c751e8b465ee728b)  -> (artifact id: '8033727299716862025d5becd1f9213f') in 0.012244 seconds 
  Import took 0.015719 seconds .

========================================================================
Received Import Request.
  Time since last request: 0.000184 seconds.
  path: Assets/Images/핫 카푸치노 2.png
  artifactKey: Guid(ac64a88b34467464fb9490ff945e915f) Importer(815301076,1909f56bfc062723c751e8b465ee728b)
Start importing Assets/Images/핫 카푸치노 2.png using Guid(ac64a88b34467464fb9490ff945e915f) Importer(815301076,1909f56bfc062723c751e8b465ee728b)  -> (artifact id: '99406d4e9f9f71e8d9789967cc7151f2') in 0.011253 seconds 
  Import took 0.014500 seconds .

========================================================================
Received Import Request.
  Time since last request: 100.431598 seconds.
  path: Assets/Images/핫 카푸치노 2.png
  artifactKey: Guid(662de67f8fbcebc409849f2b2a59d173) Importer(815301076,1909f56bfc062723c751e8b465ee728b)
Start importing Assets/Images/핫 카푸치노 2.png using Guid(662de67f8fbcebc409849f2b2a59d173) Importer(815301076,1909f56bfc062723c751e8b465ee728b)  -> (artifact id: '70f5b8f78ed9186be684b237809946ef') in 0.018103 seconds 
  Import took 0.022708 seconds .

========================================================================
Received Prepare
Registering precompiled user dll's ...
Registered in 0.003613 seconds.
Begin MonoManager ReloadAssembly
Native extension for WindowsStandalone target not found
Refreshing native plugins compatible for Editor in 0.80 ms, found 3 plugins.
Preloading 0 native plugins for Editor in 0.00 ms.
Mono: successfully reloaded assembly
- Completed reload, in  0.851 seconds
Domain Reload Profiling:
	ReloadAssembly (852ms)
		BeginReloadAssembly (111ms)
			ExecutionOrderSort (0ms)
			DisableScriptedObjects (5ms)
			BackupInstance (0ms)
			ReleaseScriptingObjects (0ms)
			CreateAndSetChildDomain (30ms)
		EndReloadAssembly (685ms)
			LoadAssemblies (76ms)
			RebuildTransferFunctionScriptingTraits (0ms)
			SetupTypeCache (248ms)
			ReleaseScriptCaches (1ms)
			RebuildScriptCaches (37ms)
			SetupLoadedEditorAssemblies (239ms)
				LogAssemblyErrors (0ms)
				InitializePlatformSupportModulesInManaged (4ms)
				SetLoadedEditorAssemblies (1ms)
				RefreshPlugins (1ms)
				BeforeProcessingInitializeOnLoad (57ms)
				ProcessInitializeOnLoadAttributes (162ms)
				ProcessInitializeOnLoadMethodAttributes (9ms)
				AfterProcessingInitializeOnLoad (5ms)
				EditorAssembliesLoaded (0ms)
			ExecutionOrderSort2 (0ms)
			AwakeInstancesAfterBackupRestoration (7ms)
Platform modules already initialized, skipping
Refreshing native plugins compatible for Editor in 0.64 ms, found 3 plugins.
Preloading 0 native plugins for Editor in 0.00 ms.
Unloading 2456 Unused Serialized files (Serialized files now loaded: 0)
System memory in use before: 106.3 MB.
System memory in use after: 106.5 MB.

Unloading 30 unused Assets to reduce memory usage. Loaded Objects now: 2902.
Total: 2.889800 ms (FindLiveObjects: 0.225600 ms CreateObjectMapping: 0.067800 ms MarkObjects: 2.576800 ms  DeleteObjects: 0.018500 ms)

AssetImportParameters requested are different than current active one (requested -> active):
  custom:framework-win-MediaFoundation: 216162199b28c13a410421893ffa2e32 -> 
  custom:video-decoder-ogg-theora: a1e56fd34408186e4bbccfd4996cb3dc -> 
  custom:container-muxer-webm: aa71ff27fc2769a1b78a27578f13a17b -> 
  custom:container-demuxer-webm: 4f35f7cbe854078d1ac9338744f61a02 -> 
  custom:container-demuxer-ogg: 62fdf1f143b41e24485cea50d1cbac27 -> 
  custom:video-encoder-webm-vp8: eb34c28f22e8b96e1ab97ce403110664 -> 
  custom:video-decoder-webm-vp8: 9c59270c3fd7afecdb556c50c9e8de78 -> 
  custom:audio-decoder-ogg-vorbis: bf7c407c2cedff20999df2af8eb42d56 -> 
  custom:audio-encoder-webm-vorbis: bf7c407c2cedff20999df2af8eb42d56 -> 
========================================================================
Received Prepare
Registering precompiled user dll's ...
Registered in 0.004062 seconds.
Begin MonoManager ReloadAssembly
Native extension for WindowsStandalone target not found
Refreshing native plugins compatible for Editor in 0.78 ms, found 3 plugins.
Preloading 0 native plugins for Editor in 0.00 ms.
Mono: successfully reloaded assembly
- Completed reload, in  0.862 seconds
Domain Reload Profiling:
	ReloadAssembly (862ms)
		BeginReloadAssembly (97ms)
			ExecutionOrderSort (0ms)
			DisableScriptedObjects (5ms)
			BackupInstance (0ms)
			ReleaseScriptingObjects (0ms)
			CreateAndSetChildDomain (29ms)
		EndReloadAssembly (711ms)
			LoadAssemblies (74ms)
			RebuildTransferFunctionScriptingTraits (0ms)
			SetupTypeCache (252ms)
			ReleaseScriptCaches (1ms)
			RebuildScriptCaches (37ms)
			SetupLoadedEditorAssemblies (248ms)
				LogAssemblyErrors (0ms)
				InitializePlatformSupportModulesInManaged (4ms)
				SetLoadedEditorAssemblies (0ms)
				RefreshPlugins (1ms)
				BeforeProcessingInitializeOnLoad (65ms)
				ProcessInitializeOnLoadAttributes (162ms)
				ProcessInitializeOnLoadMethodAttributes (9ms)
				AfterProcessingInitializeOnLoad (5ms)
				EditorAssembliesLoaded (0ms)
			ExecutionOrderSort2 (0ms)
			AwakeInstancesAfterBackupRestoration (7ms)
Platform modules already initialized, skipping
Refreshing native plugins compatible for Editor in 0.64 ms, found 3 plugins.
Preloading 0 native plugins for Editor in 0.00 ms.
Unloading 2456 Unused Serialized files (Serialized files now loaded: 0)
System memory in use before: 106.3 MB.
System memory in use after: 106.6 MB.

Unloading 30 unused Assets to reduce memory usage. Loaded Objects now: 2904.
Total: 3.507400 ms (FindLiveObjects: 0.224200 ms CreateObjectMapping: 0.062000 ms MarkObjects: 3.194000 ms  DeleteObjects: 0.025900 ms)

AssetImportParameters requested are different than current active one (requested -> active):
  custom:framework-win-MediaFoundation: 216162199b28c13a410421893ffa2e32 -> 
  custom:video-decoder-ogg-theora: a1e56fd34408186e4bbccfd4996cb3dc -> 
  custom:container-muxer-webm: aa71ff27fc2769a1b78a27578f13a17b -> 
  custom:container-demuxer-webm: 4f35f7cbe854078d1ac9338744f61a02 -> 
  custom:container-demuxer-ogg: 62fdf1f143b41e24485cea50d1cbac27 -> 
  custom:video-encoder-webm-vp8: eb34c28f22e8b96e1ab97ce403110664 -> 
  custom:video-decoder-webm-vp8: 9c59270c3fd7afecdb556c50c9e8de78 -> 
  custom:audio-decoder-ogg-vorbis: bf7c407c2cedff20999df2af8eb42d56 -> 
  custom:audio-encoder-webm-vorbis: bf7c407c2cedff20999df2af8eb42d56 -> 
========================================================================
Received Prepare
Registering precompiled user dll's ...
Registered in 0.004052 seconds.
Begin MonoManager ReloadAssembly
Native extension for WindowsStandalone target not found
Refreshing native plugins compatible for Editor in 0.69 ms, found 3 plugins.
Preloading 0 native plugins for Editor in 0.00 ms.
Mono: successfully reloaded assembly
- Completed reload, in  0.854 seconds
Domain Reload Profiling:
	ReloadAssembly (854ms)
		BeginReloadAssembly (106ms)
			ExecutionOrderSort (0ms)
			DisableScriptedObjects (5ms)
			BackupInstance (0ms)
			ReleaseScriptingObjects (0ms)
			CreateAndSetChildDomain (29ms)
		EndReloadAssembly (694ms)
			LoadAssemblies (73ms)
			RebuildTransferFunctionScriptingTraits (0ms)
			SetupTypeCache (254ms)
			ReleaseScriptCaches (1ms)
			RebuildScriptCaches (37ms)
			SetupLoadedEditorAssemblies (235ms)
				LogAssemblyErrors (0ms)
				InitializePlatformSupportModulesInManaged (4ms)
				SetLoadedEditorAssemblies (0ms)
				RefreshPlugins (1ms)
				BeforeProcessingInitializeOnLoad (57ms)
				ProcessInitializeOnLoadAttributes (159ms)
				ProcessInitializeOnLoadMethodAttributes (9ms)
				AfterProcessingInitializeOnLoad (5ms)
				EditorAssembliesLoaded (0ms)
			ExecutionOrderSort2 (0ms)
			AwakeInstancesAfterBackupRestoration (7ms)
Platform modules already initialized, skipping
Refreshing native plugins compatible for Editor in 0.64 ms, found 3 plugins.
Preloading 0 native plugins for Editor in 0.00 ms.
Unloading 2456 Unused Serialized files (Serialized files now loaded: 0)
System memory in use before: 106.4 MB.
System memory in use after: 106.6 MB.

Unloading 30 unused Assets to reduce memory usage. Loaded Objects now: 2906.
Total: 2.871500 ms (FindLiveObjects: 0.223800 ms CreateObjectMapping: 0.062300 ms MarkObjects: 2.568200 ms  DeleteObjects: 0.016400 ms)

AssetImportParameters requested are different than current active one (requested -> active):
  custom:framework-win-MediaFoundation: 216162199b28c13a410421893ffa2e32 -> 
  custom:video-decoder-ogg-theora: a1e56fd34408186e4bbccfd4996cb3dc -> 
  custom:container-muxer-webm: aa71ff27fc2769a1b78a27578f13a17b -> 
  custom:container-demuxer-webm: 4f35f7cbe854078d1ac9338744f61a02 -> 
  custom:container-demuxer-ogg: 62fdf1f143b41e24485cea50d1cbac27 -> 
  custom:video-encoder-webm-vp8: eb34c28f22e8b96e1ab97ce403110664 -> 
  custom:video-decoder-webm-vp8: 9c59270c3fd7afecdb556c50c9e8de78 -> 
  custom:audio-decoder-ogg-vorbis: bf7c407c2cedff20999df2af8eb42d56 -> 
  custom:audio-encoder-webm-vorbis: bf7c407c2cedff20999df2af8eb42d56 -> 
========================================================================
Received Import Request.
  Time since last request: 957.375278 seconds.
  path: Assets/TTS/audio_0_아이스_아메리카노_천_오백원.wav
  artifactKey: Guid(6292fc71f0cfb3e47ac22397e82881a9) Importer(815301076,1909f56bfc062723c751e8b465ee728b)
Start importing Assets/TTS/audio_0_아이스_아메리카노_천_오백원.wav using Guid(6292fc71f0cfb3e47ac22397e82881a9) Importer(815301076,1909f56bfc062723c751e8b465ee728b)  -> (artifact id: '164c4aa725b78e77115df5cdf2d02c29') in 0.071721 seconds 
  Import took 0.075522 seconds .

========================================================================
Received Import Request.
  Time since last request: 0.000239 seconds.
  path: Assets/TTS/audio_4_아이스_카페모카_이천_오백원.wav
  artifactKey: Guid(cd1b66102e35c5b4bbb56b48163fbb48) Importer(815301076,1909f56bfc062723c751e8b465ee728b)
Start importing Assets/TTS/audio_4_아이스_카페모카_이천_오백원.wav using Guid(cd1b66102e35c5b4bbb56b48163fbb48) Importer(815301076,1909f56bfc062723c751e8b465ee728b)  -> (artifact id: 'b452d37914de268864d9e4ece5fc2c0d') in 0.010850 seconds 
  Import took 0.014957 seconds .

========================================================================
Received Import Request.
  Time since last request: 0.000146 seconds.
  path: Assets/TTS/audio_7_카푸치노_이천_오백원.wav
  artifactKey: Guid(54e4335122c5ac14a999abfb78da737d) Importer(815301076,1909f56bfc062723c751e8b465ee728b)
Start importing Assets/TTS/audio_7_카푸치노_이천_오백원.wav using Guid(54e4335122c5ac14a999abfb78da737d) Importer(815301076,1909f56bfc062723c751e8b465ee728b)  -> (artifact id: '6898971ce13b673f58ca0f838c416411') in 0.010266 seconds 
  Import took 0.013594 seconds .

========================================================================
Received Import Request.
  Time since last request: 0.000177 seconds.
  path: Assets/TTS/audio_3_아이스_카페라떼_이천_오백원.wav
  artifactKey: Guid(c43d5ae7f92ecf74fb5728d69c4abf40) Importer(815301076,1909f56bfc062723c751e8b465ee728b)
Start importing Assets/TTS/audio_3_아이스_카페라떼_이천_오백원.wav using Guid(c43d5ae7f92ecf74fb5728d69c4abf40) Importer(815301076,1909f56bfc062723c751e8b465ee728b)  -> (artifact id: '38c506da9cac2c2d7cd4925ae86e5348') in 0.009942 seconds 
  Import took 0.013047 seconds .

========================================================================
Received Import Request.
  Time since last request: 0.000182 seconds.
  path: Assets/TTS/audio_8_핫_아메리카노_천_오백원.wav
  artifactKey: Guid(87178ececd2cad24fbbe0d6fcd55f541) Importer(815301076,1909f56bfc062723c751e8b465ee728b)
Start importing Assets/TTS/audio_8_핫_아메리카노_천_오백원.wav using Guid(87178ececd2cad24fbbe0d6fcd55f541) Importer(815301076,1909f56bfc062723c751e8b465ee728b)  -> (artifact id: '26aebd51fada4c4708e18408dd60bd8e') in 0.009124 seconds 
  Import took 0.012608 seconds .

========================================================================
Received Import Request.
  Time since last request: 0.000182 seconds.
  path: Assets/TTS/audio_9_핫_초코_이천원.wav
  artifactKey: Guid(8360100032ca7df4bbb4379bbca099ac) Importer(815301076,1909f56bfc062723c751e8b465ee728b)
Start importing Assets/TTS/audio_9_핫_초코_이천원.wav using Guid(8360100032ca7df4bbb4379bbca099ac) Importer(815301076,1909f56bfc062723c751e8b465ee728b)  -> (artifact id: '6bc8f52aa740b86ba636a14377672ed0') in 0.009417 seconds 
  Import took 0.012545 seconds .

========================================================================
Received Import Request.
  Time since last request: 0.000172 seconds.
  path: Assets/TTS/audio_2_청포도에이드_이천원.wav
  artifactKey: Guid(590ea579a09622a4eb3ecfad37009c65) Importer(815301076,1909f56bfc062723c751e8b465ee728b)
Start importing Assets/TTS/audio_2_청포도에이드_이천원.wav using Guid(590ea579a09622a4eb3ecfad37009c65) Importer(815301076,1909f56bfc062723c751e8b465ee728b)  -> (artifact id: '9170ce8bcb2647aac15661901a9c97fa') in 0.009502 seconds 
  Import took 0.012978 seconds .

========================================================================
Received Import Request.
  Time since last request: 0.000194 seconds.
  path: Assets/TTS/audio_1_자몽에이드_이천원.wav
  artifactKey: Guid(f404724a6ba65bc41ad5fac54c4bbfcb) Importer(815301076,1909f56bfc062723c751e8b465ee728b)
Start importing Assets/TTS/audio_1_자몽에이드_이천원.wav using Guid(f404724a6ba65bc41ad5fac54c4bbfcb) Importer(815301076,1909f56bfc062723c751e8b465ee728b)  -> (artifact id: '4840dd1518cf2b110a31051e9f3a50f7') in 0.009993 seconds 
  Import took 0.013048 seconds .

========================================================================
Received Import Request.
  Time since last request: 0.000170 seconds.
  path: Assets/TTS/audio_6_핫_카페모카_이천_오백원.wav
  artifactKey: Guid(a37562ca03259294a8b9f24990a27349) Importer(815301076,1909f56bfc062723c751e8b465ee728b)
Start importing Assets/TTS/audio_6_핫_카페모카_이천_오백원.wav using Guid(a37562ca03259294a8b9f24990a27349) Importer(815301076,1909f56bfc062723c751e8b465ee728b)  -> (artifact id: 'cc505a97b41d9bccf962b677f05641b3') in 0.009108 seconds 
  Import took 0.012652 seconds .

========================================================================
Received Import Request.
  Time since last request: 0.000174 seconds.
  path: Assets/TTS/audio_5_핫_카페라떼_이천_오백원.wav
  artifactKey: Guid(e847e5c727eba4d41937bd4f84b3c6f1) Importer(815301076,1909f56bfc062723c751e8b465ee728b)
Start importing Assets/TTS/audio_5_핫_카페라떼_이천_오백원.wav using Guid(e847e5c727eba4d41937bd4f84b3c6f1) Importer(815301076,1909f56bfc062723c751e8b465ee728b)  -> (artifact id: 'ee48739a8b5e189e79b1c750be6e565f') in 0.008945 seconds 
  Import took 0.012507 seconds .

========================================================================
Received Prepare
Registering precompiled user dll's ...
Registered in 0.003875 seconds.
Begin MonoManager ReloadAssembly
Native extension for WindowsStandalone target not found
Refreshing native plugins compatible for Editor in 0.81 ms, found 3 plugins.
Preloading 0 native plugins for Editor in 0.00 ms.
Mono: successfully reloaded assembly
- Completed reload, in  0.866 seconds
Domain Reload Profiling:
	ReloadAssembly (866ms)
		BeginReloadAssembly (96ms)
			ExecutionOrderSort (0ms)
			DisableScriptedObjects (5ms)
			BackupInstance (0ms)
			ReleaseScriptingObjects (0ms)
			CreateAndSetChildDomain (32ms)
		EndReloadAssembly (709ms)
			LoadAssemblies (77ms)
			RebuildTransferFunctionScriptingTraits (0ms)
			SetupTypeCache (257ms)
			ReleaseScriptCaches (1ms)
			RebuildScriptCaches (37ms)
			SetupLoadedEditorAssemblies (245ms)
				LogAssemblyErrors (0ms)
				InitializePlatformSupportModulesInManaged (4ms)
				SetLoadedEditorAssemblies (0ms)
				RefreshPlugins (1ms)
				BeforeProcessingInitializeOnLoad (61ms)
				ProcessInitializeOnLoadAttributes (165ms)
				ProcessInitializeOnLoadMethodAttributes (9ms)
				AfterProcessingInitializeOnLoad (5ms)
				EditorAssembliesLoaded (0ms)
			ExecutionOrderSort2 (0ms)
			AwakeInstancesAfterBackupRestoration (7ms)
Platform modules already initialized, skipping
Refreshing native plugins compatible for Editor in 0.68 ms, found 3 plugins.
Preloading 0 native plugins for Editor in 0.00 ms.
Unloading 2456 Unused Serialized files (Serialized files now loaded: 0)
System memory in use before: 106.5 MB.
System memory in use after: 106.7 MB.

Unloading 30 unused Assets to reduce memory usage. Loaded Objects now: 2914.
Total: 2.941700 ms (FindLiveObjects: 0.229800 ms CreateObjectMapping: 0.065000 ms MarkObjects: 2.627500 ms  DeleteObjects: 0.018400 ms)

AssetImportParameters requested are different than current active one (requested -> active):
  custom:framework-win-MediaFoundation: 216162199b28c13a410421893ffa2e32 -> 
  custom:video-decoder-ogg-theora: a1e56fd34408186e4bbccfd4996cb3dc -> 
  custom:container-muxer-webm: aa71ff27fc2769a1b78a27578f13a17b -> 
  custom:container-demuxer-webm: 4f35f7cbe854078d1ac9338744f61a02 -> 
  custom:container-demuxer-ogg: 62fdf1f143b41e24485cea50d1cbac27 -> 
  custom:video-encoder-webm-vp8: eb34c28f22e8b96e1ab97ce403110664 -> 
  custom:video-decoder-webm-vp8: 9c59270c3fd7afecdb556c50c9e8de78 -> 
  custom:audio-decoder-ogg-vorbis: bf7c407c2cedff20999df2af8eb42d56 -> 
  custom:audio-encoder-webm-vorbis: bf7c407c2cedff20999df2af8eb42d56 -> 
========================================================================
Received Import Request.
  Time since last request: 801.777319 seconds.
  path: Assets/Images/아이스아메리카노.png
  artifactKey: Guid(b8ce14719797bd946a74adda2f9ef47f) Importer(815301076,1909f56bfc062723c751e8b465ee728b)
Start importing Assets/Images/아이스아메리카노.png using Guid(b8ce14719797bd946a74adda2f9ef47f) Importer(815301076,1909f56bfc062723c751e8b465ee728b)  -> (artifact id: 'f0c02676adcc80a858e7708909eddb09') in 0.049049 seconds 
  Import took 0.053319 seconds .

========================================================================
Received Import Request.
  Time since last request: 0.000187 seconds.
  path: Assets/Images/핫 카페모카.png
  artifactKey: Guid(ac25e1ad9b82cb548ae9ab8a4fcbbfbc) Importer(815301076,1909f56bfc062723c751e8b465ee728b)
Start importing Assets/Images/핫 카페모카.png using Guid(ac25e1ad9b82cb548ae9ab8a4fcbbfbc) Importer(815301076,1909f56bfc062723c751e8b465ee728b)  -> (artifact id: 'c98cf4518f5fb082613bd17ebd8cf05b') in 0.012725 seconds 
  Import took 0.016366 seconds .

========================================================================
Received Import Request.
  Time since last request: 0.000178 seconds.
  path: Assets/Images/핫아메리카노.png
  artifactKey: Guid(1796e38abbf88c24e81a403ce279cb55) Importer(815301076,1909f56bfc062723c751e8b465ee728b)
Start importing Assets/Images/핫아메리카노.png using Guid(1796e38abbf88c24e81a403ce279cb55) Importer(815301076,1909f56bfc062723c751e8b465ee728b)  -> (artifact id: 'ab290d598b89c8673eec7932c1522f3b') in 0.012086 seconds 
  Import took 0.015847 seconds .

========================================================================
Received Import Request.
  Time since last request: 0.000172 seconds.
  path: Assets/Images/핫초코.png
  artifactKey: Guid(c4db503cfe228fc409d6844397a29c5e) Importer(815301076,1909f56bfc062723c751e8b465ee728b)
Start importing Assets/Images/핫초코.png using Guid(c4db503cfe228fc409d6844397a29c5e) Importer(815301076,1909f56bfc062723c751e8b465ee728b)  -> (artifact id: 'd3b9cbb933c57b9a44c856e8a07d1754') in 0.012649 seconds 
  Import took 0.016664 seconds .

========================================================================
Received Import Request.
  Time since last request: 0.000170 seconds.
  path: Assets/Images/핫 카페라테.png
  artifactKey: Guid(dd6ef63e058e8c740806872ed9820a09) Importer(815301076,1909f56bfc062723c751e8b465ee728b)
Start importing Assets/Images/핫 카페라테.png using Guid(dd6ef63e058e8c740806872ed9820a09) Importer(815301076,1909f56bfc062723c751e8b465ee728b)  -> (artifact id: '1fecc9edea05a2167cb1e341cf101888') in 0.013293 seconds 
  Import took 0.016857 seconds .

========================================================================
Received Import Request.
  Time since last request: 0.000180 seconds.
  path: Assets/Images/아이스카페라테.png
  artifactKey: Guid(694dff80374ee064f9a897c28bb66db0) Importer(815301076,1909f56bfc062723c751e8b465ee728b)
Start importing Assets/Images/아이스카페라테.png using Guid(694dff80374ee064f9a897c28bb66db0) Importer(815301076,1909f56bfc062723c751e8b465ee728b)  -> (artifact id: 'ea38a08581077dec75f9c5576f61533b') in 0.013210 seconds 
  Import took 0.016443 seconds .

========================================================================
Received Import Request.
  Time since last request: 0.000205 seconds.
  path: Assets/Images/아이스카페모카.png
  artifactKey: Guid(f50514c5727627b44a14da219e80cea5) Importer(815301076,1909f56bfc062723c751e8b465ee728b)
Start importing Assets/Images/아이스카페모카.png using Guid(f50514c5727627b44a14da219e80cea5) Importer(815301076,1909f56bfc062723c751e8b465ee728b)  -> (artifact id: '75c34727e3c18a1dfb82c873864c3688') in 0.013270 seconds 
  Import took 0.016831 seconds .

========================================================================
Received Import Request.
  Time since last request: 0.000189 seconds.
  path: Assets/Images/핫 카푸치노.png
  artifactKey: Guid(34c154cbe22295d46b6092dbb79a8314) Importer(815301076,1909f56bfc062723c751e8b465ee728b)
Start importing Assets/Images/핫 카푸치노.png using Guid(34c154cbe22295d46b6092dbb79a8314) Importer(815301076,1909f56bfc062723c751e8b465ee728b)  -> (artifact id: 'c43568e8b1f2ae601694104660b5aba4') in 0.011698 seconds 
  Import took 0.015279 seconds .

========================================================================
Received Import Request.
  Time since last request: 0.000180 seconds.
  path: Assets/Images/아이스자몽에이드.png
  artifactKey: Guid(9b04d110c71853b4ba8290b38e077c84) Importer(815301076,1909f56bfc062723c751e8b465ee728b)
Start importing Assets/Images/아이스자몽에이드.png using Guid(9b04d110c71853b4ba8290b38e077c84) Importer(815301076,1909f56bfc062723c751e8b465ee728b)  -> (artifact id: 'd805138286a5ab973f106c4036b9602b') in 0.010954 seconds 
  Import took 0.014186 seconds .

========================================================================
Received Import Request.
  Time since last request: 0.000188 seconds.
  path: Assets/Images/아이스청포도에이드.png
  artifactKey: Guid(0bd238a35a7b09e49a6b401893337362) Importer(815301076,1909f56bfc062723c751e8b465ee728b)
Start importing Assets/Images/아이스청포도에이드.png using Guid(0bd238a35a7b09e49a6b401893337362) Importer(815301076,1909f56bfc062723c751e8b465ee728b)  -> (artifact id: '4e56ae72981661d4955c4f36d6a4af43') in 0.012465 seconds 
  Import took 0.015852 seconds .

========================================================================
Received Prepare
Registering precompiled user dll's ...
Registered in 0.003796 seconds.
Begin MonoManager ReloadAssembly
Native extension for WindowsStandalone target not found
Refreshing native plugins compatible for Editor in 0.67 ms, found 3 plugins.
Preloading 0 native plugins for Editor in 0.00 ms.
Mono: successfully reloaded assembly
- Completed reload, in  0.871 seconds
Domain Reload Profiling:
	ReloadAssembly (871ms)
		BeginReloadAssembly (109ms)
			ExecutionOrderSort (0ms)
			DisableScriptedObjects (6ms)
			BackupInstance (0ms)
			ReleaseScriptingObjects (0ms)
			CreateAndSetChildDomain (33ms)
		EndReloadAssembly (705ms)
			LoadAssemblies (78ms)
			RebuildTransferFunctionScriptingTraits (0ms)
			SetupTypeCache (252ms)
			ReleaseScriptCaches (1ms)
			RebuildScriptCaches (38ms)
			SetupLoadedEditorAssemblies (246ms)
				LogAssemblyErrors (0ms)
				InitializePlatformSupportModulesInManaged (4ms)
				SetLoadedEditorAssemblies (0ms)
				RefreshPlugins (1ms)
				BeforeProcessingInitializeOnLoad (61ms)
				ProcessInitializeOnLoadAttributes (165ms)
				ProcessInitializeOnLoadMethodAttributes (9ms)
				AfterProcessingInitializeOnLoad (6ms)
				EditorAssembliesLoaded (0ms)
			ExecutionOrderSort2 (0ms)
			AwakeInstancesAfterBackupRestoration (7ms)
Platform modules already initialized, skipping
Refreshing native plugins compatible for Editor in 0.63 ms, found 3 plugins.
Preloading 0 native plugins for Editor in 0.00 ms.
Unloading 2456 Unused Serialized files (Serialized files now loaded: 0)
System memory in use before: 106.4 MB.
System memory in use after: 106.6 MB.

Unloading 30 unused Assets to reduce memory usage. Loaded Objects now: 2917.
Total: 2.897800 ms (FindLiveObjects: 0.241200 ms CreateObjectMapping: 0.063000 ms MarkObjects: 2.574600 ms  DeleteObjects: 0.017900 ms)

AssetImportParameters requested are different than current active one (requested -> active):
  custom:framework-win-MediaFoundation: 216162199b28c13a410421893ffa2e32 -> 
  custom:video-decoder-ogg-theora: a1e56fd34408186e4bbccfd4996cb3dc -> 
  custom:container-muxer-webm: aa71ff27fc2769a1b78a27578f13a17b -> 
  custom:container-demuxer-webm: 4f35f7cbe854078d1ac9338744f61a02 -> 
  custom:container-demuxer-ogg: 62fdf1f143b41e24485cea50d1cbac27 -> 
  custom:video-encoder-webm-vp8: eb34c28f22e8b96e1ab97ce403110664 -> 
  custom:video-decoder-webm-vp8: 9c59270c3fd7afecdb556c50c9e8de78 -> 
  custom:audio-decoder-ogg-vorbis: bf7c407c2cedff20999df2af8eb42d56 -> 
  custom:audio-encoder-webm-vorbis: bf7c407c2cedff20999df2af8eb42d56 -> 
========================================================================
Received Prepare
Registering precompiled user dll's ...
Registered in 0.004554 seconds.
Begin MonoManager ReloadAssembly
Native extension for WindowsStandalone target not found
Refreshing native plugins compatible for Editor in 0.93 ms, found 3 plugins.
Preloading 0 native plugins for Editor in 0.00 ms.
Mono: successfully reloaded assembly
- Completed reload, in  0.859 seconds
Domain Reload Profiling:
	ReloadAssembly (860ms)
		BeginReloadAssembly (94ms)
			ExecutionOrderSort (0ms)
			DisableScriptedObjects (6ms)
			BackupInstance (0ms)
			ReleaseScriptingObjects (0ms)
			CreateAndSetChildDomain (29ms)
		EndReloadAssembly (712ms)
			LoadAssemblies (79ms)
			RebuildTransferFunctionScriptingTraits (0ms)
			SetupTypeCache (256ms)
			ReleaseScriptCaches (1ms)
			RebuildScriptCaches (37ms)
			SetupLoadedEditorAssemblies (243ms)
				LogAssemblyErrors (0ms)
				InitializePlatformSupportModulesInManaged (4ms)
				SetLoadedEditorAssemblies (0ms)
				RefreshPlugins (1ms)
				BeforeProcessingInitializeOnLoad (57ms)
				ProcessInitializeOnLoadAttributes (166ms)
				ProcessInitializeOnLoadMethodAttributes (9ms)
				AfterProcessingInitializeOnLoad (6ms)
				EditorAssembliesLoaded (0ms)
			ExecutionOrderSort2 (0ms)
			AwakeInstancesAfterBackupRestoration (7ms)
Platform modules already initialized, skipping
Refreshing native plugins compatible for Editor in 0.63 ms, found 3 plugins.
Preloading 0 native plugins for Editor in 0.00 ms.
Unloading 2456 Unused Serialized files (Serialized files now loaded: 0)
System memory in use before: 106.5 MB.
System memory in use after: 106.7 MB.

Unloading 30 unused Assets to reduce memory usage. Loaded Objects now: 2919.
Total: 2.853500 ms (FindLiveObjects: 0.238100 ms CreateObjectMapping: 0.062500 ms MarkObjects: 2.535500 ms  DeleteObjects: 0.016300 ms)

AssetImportParameters requested are different than current active one (requested -> active):
  custom:framework-win-MediaFoundation: 216162199b28c13a410421893ffa2e32 -> 
  custom:video-decoder-ogg-theora: a1e56fd34408186e4bbccfd4996cb3dc -> 
  custom:container-muxer-webm: aa71ff27fc2769a1b78a27578f13a17b -> 
  custom:container-demuxer-webm: 4f35f7cbe854078d1ac9338744f61a02 -> 
  custom:container-demuxer-ogg: 62fdf1f143b41e24485cea50d1cbac27 -> 
  custom:video-encoder-webm-vp8: eb34c28f22e8b96e1ab97ce403110664 -> 
  custom:video-decoder-webm-vp8: 9c59270c3fd7afecdb556c50c9e8de78 -> 
  custom:audio-decoder-ogg-vorbis: bf7c407c2cedff20999df2af8eb42d56 -> 
  custom:audio-encoder-webm-vorbis: bf7c407c2cedff20999df2af8eb42d56 -> 
========================================================================
Received Prepare
Registering precompiled user dll's ...
Registered in 0.003802 seconds.
Begin MonoManager ReloadAssembly
Native extension for WindowsStandalone target not found
Refreshing native plugins compatible for Editor in 0.65 ms, found 3 plugins.
Preloading 0 native plugins for Editor in 0.00 ms.
Mono: successfully reloaded assembly
- Completed reload, in  0.856 seconds
Domain Reload Profiling:
	ReloadAssembly (856ms)
		BeginReloadAssembly (95ms)
			ExecutionOrderSort (0ms)
			DisableScriptedObjects (6ms)
			BackupInstance (0ms)
			ReleaseScriptingObjects (0ms)
			CreateAndSetChildDomain (28ms)
		EndReloadAssembly (705ms)
			LoadAssemblies (81ms)
			RebuildTransferFunctionScriptingTraits (0ms)
			SetupTypeCache (259ms)
			ReleaseScriptCaches (1ms)
			RebuildScriptCaches (38ms)
			SetupLoadedEditorAssemblies (237ms)
				LogAssemblyErrors (0ms)
				InitializePlatformSupportModulesInManaged (4ms)
				SetLoadedEditorAssemblies (0ms)
				RefreshPlugins (1ms)
				BeforeProcessingInitializeOnLoad (56ms)
				ProcessInitializeOnLoadAttributes (162ms)
				ProcessInitializeOnLoadMethodAttributes (9ms)
				AfterProcessingInitializeOnLoad (5ms)
				EditorAssembliesLoaded (0ms)
			ExecutionOrderSort2 (0ms)
			AwakeInstancesAfterBackupRestoration (7ms)
Platform modules already initialized, skipping
Refreshing native plugins compatible for Editor in 0.70 ms, found 3 plugins.
Preloading 0 native plugins for Editor in 0.00 ms.
Unloading 2456 Unused Serialized files (Serialized files now loaded: 0)
System memory in use before: 106.5 MB.
System memory in use after: 106.7 MB.

Unloading 30 unused Assets to reduce memory usage. Loaded Objects now: 2921.
Total: 2.990100 ms (FindLiveObjects: 0.276800 ms CreateObjectMapping: 0.064600 ms MarkObjects: 2.631200 ms  DeleteObjects: 0.016800 ms)

AssetImportParameters requested are different than current active one (requested -> active):
  custom:framework-win-MediaFoundation: 216162199b28c13a410421893ffa2e32 -> 
  custom:video-decoder-ogg-theora: a1e56fd34408186e4bbccfd4996cb3dc -> 
  custom:container-muxer-webm: aa71ff27fc2769a1b78a27578f13a17b -> 
  custom:container-demuxer-webm: 4f35f7cbe854078d1ac9338744f61a02 -> 
  custom:container-demuxer-ogg: 62fdf1f143b41e24485cea50d1cbac27 -> 
  custom:video-encoder-webm-vp8: eb34c28f22e8b96e1ab97ce403110664 -> 
  custom:video-decoder-webm-vp8: 9c59270c3fd7afecdb556c50c9e8de78 -> 
  custom:audio-decoder-ogg-vorbis: bf7c407c2cedff20999df2af8eb42d56 -> 
  custom:audio-encoder-webm-vorbis: bf7c407c2cedff20999df2af8eb42d56 -> 
========================================================================
Received Prepare
Registering precompiled user dll's ...
Registered in 0.003815 seconds.
Begin MonoManager ReloadAssembly
Native extension for WindowsStandalone target not found
Refreshing native plugins compatible for Editor in 1.02 ms, found 3 plugins.
Preloading 0 native plugins for Editor in 0.00 ms.
Mono: successfully reloaded assembly
- Completed reload, in  0.854 seconds
Domain Reload Profiling:
	ReloadAssembly (855ms)
		BeginReloadAssembly (94ms)
			ExecutionOrderSort (0ms)
			DisableScriptedObjects (5ms)
			BackupInstance (0ms)
			ReleaseScriptingObjects (0ms)
			CreateAndSetChildDomain (29ms)
		EndReloadAssembly (705ms)
			LoadAssemblies (75ms)
			RebuildTransferFunctionScriptingTraits (0ms)
			SetupTypeCache (250ms)
			ReleaseScriptCaches (1ms)
			RebuildScriptCaches (39ms)
			SetupLoadedEditorAssemblies (251ms)
				LogAssemblyErrors (0ms)
				InitializePlatformSupportModulesInManaged (5ms)
				SetLoadedEditorAssemblies (1ms)
				RefreshPlugins (1ms)
				BeforeProcessingInitializeOnLoad (61ms)
				ProcessInitializeOnLoadAttributes (167ms)
				ProcessInitializeOnLoadMethodAttributes (11ms)
				AfterProcessingInitializeOnLoad (6ms)
				EditorAssembliesLoaded (0ms)
			ExecutionOrderSort2 (0ms)
			AwakeInstancesAfterBackupRestoration (8ms)
Platform modules already initialized, skipping
Refreshing native plugins compatible for Editor in 0.64 ms, found 3 plugins.
Preloading 0 native plugins for Editor in 0.00 ms.
Unloading 2456 Unused Serialized files (Serialized files now loaded: 0)
System memory in use before: 106.5 MB.
System memory in use after: 106.7 MB.

Unloading 30 unused Assets to reduce memory usage. Loaded Objects now: 2923.
Total: 2.997900 ms (FindLiveObjects: 0.242200 ms CreateObjectMapping: 0.064400 ms MarkObjects: 2.670300 ms  DeleteObjects: 0.019900 ms)

AssetImportParameters requested are different than current active one (requested -> active):
  custom:framework-win-MediaFoundation: 216162199b28c13a410421893ffa2e32 -> 
  custom:video-decoder-ogg-theora: a1e56fd34408186e4bbccfd4996cb3dc -> 
  custom:container-muxer-webm: aa71ff27fc2769a1b78a27578f13a17b -> 
  custom:container-demuxer-webm: 4f35f7cbe854078d1ac9338744f61a02 -> 
  custom:container-demuxer-ogg: 62fdf1f143b41e24485cea50d1cbac27 -> 
  custom:video-encoder-webm-vp8: eb34c28f22e8b96e1ab97ce403110664 -> 
  custom:video-decoder-webm-vp8: 9c59270c3fd7afecdb556c50c9e8de78 -> 
  custom:audio-decoder-ogg-vorbis: bf7c407c2cedff20999df2af8eb42d56 -> 
  custom:audio-encoder-webm-vorbis: bf7c407c2cedff20999df2af8eb42d56 -> 
AssetImportWorkerClient::OnTransportError - code=2 error=End of file
